<?xml version="1.0" encoding="UTF-8"?>
<testsuite xmlns:xsi="http://www.w3.org/2001/XMLSchema-instance" xsi:noNamespaceSchemaLocation="https://maven.apache.org/surefire/maven-surefire-plugin/xsd/surefire-test-report.xsd" name="br.com.jhonatansouza.CommandWorkerQueueTest" time="0.129" tests="5" errors="0" skipped="0" failures="0">
  <properties>
    <property name="java.specification.version" value="17"/>
    <property name="sun.cpu.isalist" value="amd64"/>
    <property name="sun.jnu.encoding" value="Cp1252"/>
    <property name="java.class.path" value="C:\Users\jhona\IdeaProjects\command-worker\target\test-classes;C:\Users\jhona\IdeaProjects\command-worker\target\classes;C:\Users\jhona\.m2\repository\junit\junit\4.13.2\junit-4.13.2.jar;C:\Users\jhona\.m2\repository\org\hamcrest\hamcrest-core\1.3\hamcrest-core-1.3.jar;C:\Users\jhona\.m2\repository\org\jetbrains\kotlin\kotlin-maven-plugin\1.6.10\kotlin-maven-plugin-1.6.10.jar;C:\Users\jhona\.m2\repository\org\apache\maven\maven-core\3.0.5\maven-core-3.0.5.jar;C:\Users\jhona\.m2\repository\org\apache\maven\maven-model\3.0.5\maven-model-3.0.5.jar;C:\Users\jhona\.m2\repository\org\apache\maven\maven-settings\3.0.5\maven-settings-3.0.5.jar;C:\Users\jhona\.m2\repository\org\apache\maven\maven-settings-builder\3.0.5\maven-settings-builder-3.0.5.jar;C:\Users\jhona\.m2\repository\org\apache\maven\maven-repository-metadata\3.0.5\maven-repository-metadata-3.0.5.jar;C:\Users\jhona\.m2\repository\org\apache\maven\maven-artifact\3.0.5\maven-artifact-3.0.5.jar;C:\Users\jhona\.m2\repository\org\apache\maven\maven-model-builder\3.0.5\maven-model-builder-3.0.5.jar;C:\Users\jhona\.m2\repository\org\apache\maven\maven-aether-provider\3.0.5\maven-aether-provider-3.0.5.jar;C:\Users\jhona\.m2\repository\org\sonatype\aether\aether-spi\1.13.1\aether-spi-1.13.1.jar;C:\Users\jhona\.m2\repository\org\sonatype\aether\aether-impl\1.13.1\aether-impl-1.13.1.jar;C:\Users\jhona\.m2\repository\org\sonatype\aether\aether-api\1.13.1\aether-api-1.13.1.jar;C:\Users\jhona\.m2\repository\org\sonatype\aether\aether-util\1.13.1\aether-util-1.13.1.jar;C:\Users\jhona\.m2\repository\org\sonatype\sisu\sisu-inject-plexus\2.3.0\sisu-inject-plexus-2.3.0.jar;C:\Users\jhona\.m2\repository\org\sonatype\sisu\sisu-inject-bean\2.3.0\sisu-inject-bean-2.3.0.jar;C:\Users\jhona\.m2\repository\org\sonatype\sisu\sisu-guice\3.1.0\sisu-guice-3.1.0-no_aop.jar;C:\Users\jhona\.m2\repository\org\sonatype\sisu\sisu-guava\0.9.9\sisu-guava-0.9.9.jar;C:\Users\jhona\.m2\repository\org\codehaus\plexus\plexus-interpolation\1.14\plexus-interpolation-1.14.jar;C:\Users\jhona\.m2\repository\org\codehaus\plexus\plexus-utils\2.0.6\plexus-utils-2.0.6.jar;C:\Users\jhona\.m2\repository\org\codehaus\plexus\plexus-classworlds\2.4\plexus-classworlds-2.4.jar;C:\Users\jhona\.m2\repository\org\codehaus\plexus\plexus-component-annotations\1.5.5\plexus-component-annotations-1.5.5.jar;C:\Users\jhona\.m2\repository\org\sonatype\plexus\plexus-sec-dispatcher\1.3\plexus-sec-dispatcher-1.3.jar;C:\Users\jhona\.m2\repository\org\sonatype\plexus\plexus-cipher\1.4\plexus-cipher-1.4.jar;C:\Users\jhona\.m2\repository\org\apache\maven\maven-plugin-api\3.0.5\maven-plugin-api-3.0.5.jar;C:\Users\jhona\.m2\repository\org\apache\maven\plugin-tools\maven-plugin-annotations\3.4\maven-plugin-annotations-3.4.jar;C:\Users\jhona\.m2\repository\org\jetbrains\kotlin\kotlin-compiler\1.6.10\kotlin-compiler-1.6.10.jar;C:\Users\jhona\.m2\repository\org\jetbrains\kotlin\kotlin-stdlib\1.6.10\kotlin-stdlib-1.6.10.jar;C:\Users\jhona\.m2\repository\org\jetbrains\annotations\13.0\annotations-13.0.jar;C:\Users\jhona\.m2\repository\org\jetbrains\kotlin\kotlin-stdlib-common\1.6.10\kotlin-stdlib-common-1.6.10.jar;C:\Users\jhona\.m2\repository\org\jetbrains\kotlin\kotlin-script-runtime\1.6.10\kotlin-script-runtime-1.6.10.jar;C:\Users\jhona\.m2\repository\org\jetbrains\kotlin\kotlin-reflect\1.6.10\kotlin-reflect-1.6.10.jar;C:\Users\jhona\.m2\repository\org\jetbrains\intellij\deps\trove4j\1.0.20181211\trove4j-1.0.20181211.jar;C:\Users\jhona\.m2\repository\org\jetbrains\kotlin\kotlin-scripting-compiler\1.6.10\kotlin-scripting-compiler-1.6.10.jar;C:\Users\jhona\.m2\repository\org\jetbrains\kotlin\kotlin-scripting-common\1.6.10\kotlin-scripting-common-1.6.10.jar;C:\Users\jhona\.m2\repository\org\jetbrains\kotlin\kotlin-scripting-js\1.6.10\kotlin-scripting-js-1.6.10.jar;C:\Users\jhona\.m2\repository\org\jetbrains\kotlin\kotlin-util-klib\1.6.10\kotlin-util-klib-1.6.10.jar;C:\Users\jhona\.m2\repository\org\jetbrains\kotlin\kotlin-util-io\1.6.10\kotlin-util-io-1.6.10.jar;C:\Users\jhona\.m2\repository\org\jetbrains\kotlin\kotlin-scripting-jvm\1.6.10\kotlin-scripting-jvm-1.6.10.jar;C:\Users\jhona\.m2\repository\org\jetbrains\kotlin\kotlin-scripting-compiler-impl\1.6.10\kotlin-scripting-compiler-impl-1.6.10.jar;C:\Users\jhona\.m2\repository\org\apache\maven\plugins\maven-compiler-plugin\3.5.1\maven-compiler-plugin-3.5.1.jar;C:\Users\jhona\.m2\repository\org\apache\maven\maven-toolchain\2.2.1\maven-toolchain-2.2.1.jar;C:\Users\jhona\.m2\repository\org\apache\maven\shared\maven-shared-utils\3.0.0\maven-shared-utils-3.0.0.jar;C:\Users\jhona\.m2\repository\commons-io\commons-io\2.4\commons-io-2.4.jar;C:\Users\jhona\.m2\repository\com\google\code\findbugs\jsr305\2.0.1\jsr305-2.0.1.jar;C:\Users\jhona\.m2\repository\org\apache\maven\shared\maven-shared-incremental\1.1\maven-shared-incremental-1.1.jar;C:\Users\jhona\.m2\repository\org\codehaus\plexus\plexus-compiler-api\2.7\plexus-compiler-api-2.7.jar;C:\Users\jhona\.m2\repository\org\codehaus\plexus\plexus-compiler-manager\2.7\plexus-compiler-manager-2.7.jar;C:\Users\jhona\.m2\repository\org\codehaus\plexus\plexus-compiler-javac\2.7\plexus-compiler-javac-2.7.jar;C:\Users\jhona\.m2\repository\org\mockito\mockito-core\5.5.0\mockito-core-5.5.0.jar;C:\Users\jhona\.m2\repository\net\bytebuddy\byte-buddy\1.14.6\byte-buddy-1.14.6.jar;C:\Users\jhona\.m2\repository\net\bytebuddy\byte-buddy-agent\1.14.6\byte-buddy-agent-1.14.6.jar;C:\Users\jhona\.m2\repository\org\objenesis\objenesis\3.3\objenesis-3.3.jar;"/>
    <property name="java.vm.vendor" value="Oracle Corporation"/>
    <property name="sun.arch.data.model" value="64"/>
    <property name="user.variant" value=""/>
    <property name="java.vendor.url" value="https://java.oracle.com/"/>
    <property name="user.timezone" value="America/Sao_Paulo"/>
    <property name="user.country.format" value="BR"/>
    <property name="os.name" value="Windows 11"/>
    <property name="java.vm.specification.version" value="17"/>
    <property name="sun.java.launcher" value="SUN_STANDARD"/>
    <property name="user.country" value="US"/>
    <property name="sun.boot.library.path" value="C:\Program Files\Java\jdk-17.0.2\bin"/>
    <property name="sun.java.command" value="C:\Users\jhona\AppData\Local\Temp\surefire11698787793270566615\surefirebooter9011271888485540011.jar C:\Users\jhona\AppData\Local\Temp\surefire11698787793270566615 2023-09-09T11-16-47_349-jvmRun1 surefire6951172747871563553tmp surefire_015057568238639996036tmp"/>
    <property name="jdk.debug" value="release"/>
    <property name="surefire.test.class.path" value="C:\Users\jhona\IdeaProjects\command-worker\target\test-classes;C:\Users\jhona\IdeaProjects\command-worker\target\classes;C:\Users\jhona\.m2\repository\junit\junit\4.13.2\junit-4.13.2.jar;C:\Users\jhona\.m2\repository\org\hamcrest\hamcrest-core\1.3\hamcrest-core-1.3.jar;C:\Users\jhona\.m2\repository\org\jetbrains\kotlin\kotlin-maven-plugin\1.6.10\kotlin-maven-plugin-1.6.10.jar;C:\Users\jhona\.m2\repository\org\apache\maven\maven-core\3.0.5\maven-core-3.0.5.jar;C:\Users\jhona\.m2\repository\org\apache\maven\maven-model\3.0.5\maven-model-3.0.5.jar;C:\Users\jhona\.m2\repository\org\apache\maven\maven-settings\3.0.5\maven-settings-3.0.5.jar;C:\Users\jhona\.m2\repository\org\apache\maven\maven-settings-builder\3.0.5\maven-settings-builder-3.0.5.jar;C:\Users\jhona\.m2\repository\org\apache\maven\maven-repository-metadata\3.0.5\maven-repository-metadata-3.0.5.jar;C:\Users\jhona\.m2\repository\org\apache\maven\maven-artifact\3.0.5\maven-artifact-3.0.5.jar;C:\Users\jhona\.m2\repository\org\apache\maven\maven-model-builder\3.0.5\maven-model-builder-3.0.5.jar;C:\Users\jhona\.m2\repository\org\apache\maven\maven-aether-provider\3.0.5\maven-aether-provider-3.0.5.jar;C:\Users\jhona\.m2\repository\org\sonatype\aether\aether-spi\1.13.1\aether-spi-1.13.1.jar;C:\Users\jhona\.m2\repository\org\sonatype\aether\aether-impl\1.13.1\aether-impl-1.13.1.jar;C:\Users\jhona\.m2\repository\org\sonatype\aether\aether-api\1.13.1\aether-api-1.13.1.jar;C:\Users\jhona\.m2\repository\org\sonatype\aether\aether-util\1.13.1\aether-util-1.13.1.jar;C:\Users\jhona\.m2\repository\org\sonatype\sisu\sisu-inject-plexus\2.3.0\sisu-inject-plexus-2.3.0.jar;C:\Users\jhona\.m2\repository\org\sonatype\sisu\sisu-inject-bean\2.3.0\sisu-inject-bean-2.3.0.jar;C:\Users\jhona\.m2\repository\org\sonatype\sisu\sisu-guice\3.1.0\sisu-guice-3.1.0-no_aop.jar;C:\Users\jhona\.m2\repository\org\sonatype\sisu\sisu-guava\0.9.9\sisu-guava-0.9.9.jar;C:\Users\jhona\.m2\repository\org\codehaus\plexus\plexus-interpolation\1.14\plexus-interpolation-1.14.jar;C:\Users\jhona\.m2\repository\org\codehaus\plexus\plexus-utils\2.0.6\plexus-utils-2.0.6.jar;C:\Users\jhona\.m2\repository\org\codehaus\plexus\plexus-classworlds\2.4\plexus-classworlds-2.4.jar;C:\Users\jhona\.m2\repository\org\codehaus\plexus\plexus-component-annotations\1.5.5\plexus-component-annotations-1.5.5.jar;C:\Users\jhona\.m2\repository\org\sonatype\plexus\plexus-sec-dispatcher\1.3\plexus-sec-dispatcher-1.3.jar;C:\Users\jhona\.m2\repository\org\sonatype\plexus\plexus-cipher\1.4\plexus-cipher-1.4.jar;C:\Users\jhona\.m2\repository\org\apache\maven\maven-plugin-api\3.0.5\maven-plugin-api-3.0.5.jar;C:\Users\jhona\.m2\repository\org\apache\maven\plugin-tools\maven-plugin-annotations\3.4\maven-plugin-annotations-3.4.jar;C:\Users\jhona\.m2\repository\org\jetbrains\kotlin\kotlin-compiler\1.6.10\kotlin-compiler-1.6.10.jar;C:\Users\jhona\.m2\repository\org\jetbrains\kotlin\kotlin-stdlib\1.6.10\kotlin-stdlib-1.6.10.jar;C:\Users\jhona\.m2\repository\org\jetbrains\annotations\13.0\annotations-13.0.jar;C:\Users\jhona\.m2\repository\org\jetbrains\kotlin\kotlin-stdlib-common\1.6.10\kotlin-stdlib-common-1.6.10.jar;C:\Users\jhona\.m2\repository\org\jetbrains\kotlin\kotlin-script-runtime\1.6.10\kotlin-script-runtime-1.6.10.jar;C:\Users\jhona\.m2\repository\org\jetbrains\kotlin\kotlin-reflect\1.6.10\kotlin-reflect-1.6.10.jar;C:\Users\jhona\.m2\repository\org\jetbrains\intellij\deps\trove4j\1.0.20181211\trove4j-1.0.20181211.jar;C:\Users\jhona\.m2\repository\org\jetbrains\kotlin\kotlin-scripting-compiler\1.6.10\kotlin-scripting-compiler-1.6.10.jar;C:\Users\jhona\.m2\repository\org\jetbrains\kotlin\kotlin-scripting-common\1.6.10\kotlin-scripting-common-1.6.10.jar;C:\Users\jhona\.m2\repository\org\jetbrains\kotlin\kotlin-scripting-js\1.6.10\kotlin-scripting-js-1.6.10.jar;C:\Users\jhona\.m2\repository\org\jetbrains\kotlin\kotlin-util-klib\1.6.10\kotlin-util-klib-1.6.10.jar;C:\Users\jhona\.m2\repository\org\jetbrains\kotlin\kotlin-util-io\1.6.10\kotlin-util-io-1.6.10.jar;C:\Users\jhona\.m2\repository\org\jetbrains\kotlin\kotlin-scripting-jvm\1.6.10\kotlin-scripting-jvm-1.6.10.jar;C:\Users\jhona\.m2\repository\org\jetbrains\kotlin\kotlin-scripting-compiler-impl\1.6.10\kotlin-scripting-compiler-impl-1.6.10.jar;C:\Users\jhona\.m2\repository\org\apache\maven\plugins\maven-compiler-plugin\3.5.1\maven-compiler-plugin-3.5.1.jar;C:\Users\jhona\.m2\repository\org\apache\maven\maven-toolchain\2.2.1\maven-toolchain-2.2.1.jar;C:\Users\jhona\.m2\repository\org\apache\maven\shared\maven-shared-utils\3.0.0\maven-shared-utils-3.0.0.jar;C:\Users\jhona\.m2\repository\commons-io\commons-io\2.4\commons-io-2.4.jar;C:\Users\jhona\.m2\repository\com\google\code\findbugs\jsr305\2.0.1\jsr305-2.0.1.jar;C:\Users\jhona\.m2\repository\org\apache\maven\shared\maven-shared-incremental\1.1\maven-shared-incremental-1.1.jar;C:\Users\jhona\.m2\repository\org\codehaus\plexus\plexus-compiler-api\2.7\plexus-compiler-api-2.7.jar;C:\Users\jhona\.m2\repository\org\codehaus\plexus\plexus-compiler-manager\2.7\plexus-compiler-manager-2.7.jar;C:\Users\jhona\.m2\repository\org\codehaus\plexus\plexus-compiler-javac\2.7\plexus-compiler-javac-2.7.jar;C:\Users\jhona\.m2\repository\org\mockito\mockito-core\5.5.0\mockito-core-5.5.0.jar;C:\Users\jhona\.m2\repository\net\bytebuddy\byte-buddy\1.14.6\byte-buddy-1.14.6.jar;C:\Users\jhona\.m2\repository\net\bytebuddy\byte-buddy-agent\1.14.6\byte-buddy-agent-1.14.6.jar;C:\Users\jhona\.m2\repository\org\objenesis\objenesis\3.3\objenesis-3.3.jar;"/>
    <property name="sun.cpu.endian" value="little"/>
    <property name="user.home" value="C:\Users\jhona"/>
    <property name="user.language" value="en"/>
    <property name="java.specification.vendor" value="Oracle Corporation"/>
    <property name="java.version.date" value="2022-01-18"/>
    <property name="java.home" value="C:\Program Files\Java\jdk-17.0.2"/>
    <property name="file.separator" value="\"/>
    <property name="basedir" value="C:\Users\jhona\IdeaProjects\command-worker"/>
    <property name="java.vm.compressedOopsMode" value="Zero based"/>
    <property name="line.separator" value="&#10;"/>
    <property name="java.vm.specification.vendor" value="Oracle Corporation"/>
    <property name="java.specification.name" value="Java Platform API Specification"/>
    <property name="surefire.real.class.path" value="C:\Users\jhona\AppData\Local\Temp\surefire11698787793270566615\surefirebooter9011271888485540011.jar"/>
    <property name="user.script" value=""/>
    <property name="sun.management.compiler" value="HotSpot 64-Bit Tiered Compilers"/>
    <property name="java.runtime.version" value="17.0.2+8-LTS-86"/>
    <property name="user.name" value="jhona"/>
    <property name="path.separator" value=";"/>
    <property name="os.version" value="10.0"/>
    <property name="java.runtime.name" value="Java(TM) SE Runtime Environment"/>
    <property name="file.encoding" value="Cp1252"/>
    <property name="java.vm.name" value="Java HotSpot(TM) 64-Bit Server VM"/>
    <property name="localRepository" value="C:\Users\jhona\.m2\repository"/>
    <property name="java.vendor.url.bug" value="https://bugreport.java.com/bugreport/"/>
    <property name="java.io.tmpdir" value="C:\Users\jhona\AppData\Local\Temp\"/>
    <property name="idea.version" value="2022.3.1"/>
    <property name="java.version" value="17.0.2"/>
    <property name="user.dir" value="C:\Users\jhona\IdeaProjects\command-worker"/>
    <property name="os.arch" value="amd64"/>
    <property name="java.vm.specification.name" value="Java Virtual Machine Specification"/>
    <property name="user.language.format" value="pt"/>
    <property name="sun.os.patch.level" value=""/>
    <property name="native.encoding" value="Cp1252"/>
    <property name="java.library.path" value="C:\Program Files\Java\jdk-17.0.2\bin;C:\WINDOWS\Sun\Java\bin;C:\WINDOWS\system32;C:\WINDOWS;C:\Python311\Scripts\;C:\Python311\;C:\Program Files\Common Files\Oracle\Java\javapath;C:\Program Files\Oculus\Support\oculus-runtime;C:\Windows\system32;C:\Windows;C:\Windows\System32\Wbem;C:\Windows\System32\WindowsPowerShell\v1.0\;C:\Windows\System32\OpenSSH\;C:\WINDOWS\system32;C:\WINDOWS;C:\WINDOWS\System32\Wbem;C:\WINDOWS\System32\WindowsPowerShell\v1.0\;C:\WINDOWS\System32\OpenSSH\;C:\Program Files\Docker\Docker\resources\bin;C:\ProgramData\DockerDesktop\version-bin;C:\Program Files\dotnet\;C:\Program Files (x86)\dotnet\;C:\Program Files (x86)\Touch Portal\plugins\adb\platform-tools;C:\ProgramData\chocolatey\bin;C:\Program Files\nodejs\;C:\Program Files\Git\cmd;C:\Program Files (x86)\NVIDIA Corporation\PhysX\Common;C:\Program Files\NVIDIA Corporation\NVIDIA NvDLISR;C:\Users\jhona\AppData\Local\Microsoft\WindowsApps;C:\Program Files\JetBrains\IntelliJ IDEA Community Edition 2021.2\bin;;C:\Users\jhona\AppData\Local\GitHubDesktop\bin;C:\Users\jhona\AppData\Local\Programs\Microsoft VS Code\bin;C:\Users\jhona\.dotnet\tools;C:\Users\jhona\AppData\Roaming\npm;."/>
    <property name="java.vm.info" value="mixed mode, sharing"/>
    <property name="java.vendor" value="Oracle Corporation"/>
    <property name="java.vm.version" value="17.0.2+8-LTS-86"/>
    <property name="sun.io.unicode.encoding" value="UnicodeLittle"/>
    <property name="java.class.version" value="61.0"/>
  </properties>
  <testcase name="assertThrowsIndexNotFoundException" classname="br.com.jhonatansouza.CommandWorkerQueueTest" time="0.068"/>
  <testcase name="assertThatAfterTearDownTheResultListShouldBeEmpty" classname="br.com.jhonatansouza.CommandWorkerQueueTest" time="0"/>
  <testcase name="assertCommandWorkerWillBeExecuted" classname="br.com.jhonatansouza.CommandWorkerQueueTest" time="0"/>
  <testcase name="executeCommandAndResultProcessResult" classname="br.com.jhonatansouza.CommandWorkerQueueTest" time="0"/>
  <testcase name="assertSearchOfResultOfNotResultingIndexShouldThrowsIndexNotFoundException" classname="br.com.jhonatansouza.CommandWorkerQueueTest" time="0"/>
</testsuite>